<?xml version="1.0" encoding="UTF-8"?>
<!-- Generated by org.testng.reporters.JUnitXMLReporter -->
<testsuite hostname="Sathish" ignored="0" name="Surefire test" tests="10" failures="0" timestamp="2021-07-16T09:30:43 IST" time="0.084" errors="0">
  <testcase name="AndroidApps" time="0.008" classname="MavenJava.AppiumTest"/>
  <testcase name="AndroidApps" time="0.001" classname="MavenJava.AppiumTest"/>
  <testcase name="AndroidApps" time="0.001" classname="MavenJava.AppiumTest"/>
  <testcase name="AndroidApps" time="0.001" classname="MavenJava.AppiumTest"/>
  <testcase name="AndroidApps" time="0.001" classname="MavenJava.AppiumTest"/>
  <testcase name="IOSApps" time="0.001" classname="MavenJava.AppiumTest"/>
  <testcase name="APIRequest" time="0.0" classname="MavenJava.RestAPITest"/>
  <testcase name="APIResponse" time="0.0" classname="MavenJava.RestAPITest"/>
  <testcase name="browserClose" time="0.0" classname="MavenJava.SeleniumTest"/>
  <testcase name="browserLoad" time="0.0" classname="MavenJava.SeleniumTest"/>
</testsuite> <!-- Surefire test -->
