<?xml version="1.0" encoding="UTF-8"?>
<testng-results skipped="0" failed="0" ignored="0" total="10" passed="10">
  <reporter-output>
  </reporter-output>
  <suite name="Surefire suite" duration-ms="84" started-at="2021-07-16T09:30:42 IST" finished-at="2021-07-16T09:30:42 IST">
    <groups>
    </groups>
    <test name="Surefire test" duration-ms="84" started-at="2021-07-16T09:30:42 IST" finished-at="2021-07-16T09:30:42 IST">
      <class name="MavenJava.SeleniumTest">
        <test-method status="PASS" signature="browserClose()[pri:0, instance:MavenJava.SeleniumTest@2173f6d9]" name="browserClose" duration-ms="0" started-at="2021-07-16T09:30:42 IST" finished-at="2021-07-16T09:30:42 IST">
          <reporter-output>
          </reporter-output>
        </test-method> <!-- browserClose -->
        <test-method status="PASS" signature="browserLoad()[pri:0, instance:MavenJava.SeleniumTest@2173f6d9]" name="browserLoad" duration-ms="0" started-at="2021-07-16T09:30:42 IST" finished-at="2021-07-16T09:30:42 IST">
          <reporter-output>
          </reporter-output>
        </test-method> <!-- browserLoad -->
      </class> <!-- MavenJava.SeleniumTest -->
      <class name="MavenJava.AppiumTest">
        <test-method status="PASS" signature="AndroidApps()[pri:0, instance:MavenJava.AppiumTest@bd8db5a]" name="AndroidApps" duration-ms="8" started-at="2021-07-16T09:30:42 IST" finished-at="2021-07-16T09:30:42 IST">
          <reporter-output>
          </reporter-output>
        </test-method> <!-- AndroidApps -->
        <test-method status="PASS" signature="AndroidApps()[pri:0, instance:MavenJava.AppiumTest@bd8db5a]" name="AndroidApps" duration-ms="1" started-at="2021-07-16T09:30:42 IST" finished-at="2021-07-16T09:30:42 IST">
          <reporter-output>
          </reporter-output>
        </test-method> <!-- AndroidApps -->
        <test-method status="PASS" signature="AndroidApps()[pri:0, instance:MavenJava.AppiumTest@bd8db5a]" name="AndroidApps" duration-ms="1" started-at="2021-07-16T09:30:42 IST" finished-at="2021-07-16T09:30:42 IST">
          <reporter-output>
          </reporter-output>
        </test-method> <!-- AndroidApps -->
        <test-method status="PASS" signature="AndroidApps()[pri:0, instance:MavenJava.AppiumTest@bd8db5a]" name="AndroidApps" duration-ms="1" started-at="2021-07-16T09:30:42 IST" finished-at="2021-07-16T09:30:42 IST">
          <reporter-output>
          </reporter-output>
        </test-method> <!-- AndroidApps -->
        <test-method status="PASS" signature="AndroidApps()[pri:0, instance:MavenJava.AppiumTest@bd8db5a]" name="AndroidApps" duration-ms="1" started-at="2021-07-16T09:30:42 IST" finished-at="2021-07-16T09:30:42 IST">
          <reporter-output>
          </reporter-output>
        </test-method> <!-- AndroidApps -->
        <test-method status="PASS" signature="IOSApps()[pri:0, instance:MavenJava.AppiumTest@bd8db5a]" name="IOSApps" duration-ms="1" started-at="2021-07-16T09:30:42 IST" finished-at="2021-07-16T09:30:42 IST">
          <reporter-output>
          </reporter-output>
        </test-method> <!-- IOSApps -->
      </class> <!-- MavenJava.AppiumTest -->
      <class name="MavenJava.RestAPITest">
        <test-method status="PASS" signature="APIRequest()[pri:0, instance:MavenJava.RestAPITest@7e2d773b]" name="APIRequest" duration-ms="0" started-at="2021-07-16T09:30:42 IST" finished-at="2021-07-16T09:30:42 IST">
          <reporter-output>
          </reporter-output>
        </test-method> <!-- APIRequest -->
        <test-method status="PASS" signature="APIResponse()[pri:0, instance:MavenJava.RestAPITest@7e2d773b]" name="APIResponse" duration-ms="0" started-at="2021-07-16T09:30:42 IST" finished-at="2021-07-16T09:30:42 IST">
          <reporter-output>
          </reporter-output>
        </test-method> <!-- APIResponse -->
      </class> <!-- MavenJava.RestAPITest -->
    </test> <!-- Surefire test -->
  </suite> <!-- Surefire suite -->
</testng-results>
