<?xml version="1.0" encoding="UTF-8"?>
<testng-results total="1" passed="1" failed="0" skipped="0">
  <reporter-output>
  </reporter-output>
  <suite started-at="2021-07-16T03:59:35Z" name="Default suite" finished-at="2021-07-16T03:59:36Z" duration-ms="50">
    <groups>
    </groups>
    <test started-at="2021-07-16T03:59:35Z" name="Default test" finished-at="2021-07-16T03:59:36Z" duration-ms="50">
      <class name="MavenJava.AppiumTest">
        <test-method signature="AndroidApps()[pri:0, instance:MavenJava.AppiumTest@59e505b2]" started-at="2021-07-16T09:29:35Z" name="AndroidApps" finished-at="2021-07-16T09:29:35Z" duration-ms="17" status="PASS">
          <reporter-output>
          </reporter-output>
        </test-method> <!-- AndroidApps -->
      </class> <!-- MavenJava.AppiumTest -->
    </test> <!-- Default test -->
  </suite> <!-- Default suite -->
</testng-results>
